<?xml version="1.0" encoding="UTF-8"?>
<!-- Generated by org.testng.reporters.JUnitXMLReporter -->
<testsuite hostname="TVMATP2261M.local" name="Test" tests="1" failures="1" timestamp="29 Jul 2016 09:16:24 GMT" time="198.492" errors="0">
  <testcase name="MIL_WF2_Location_AddItems__MultipleLocation" time="188.282" classname="com.sysco.test.WorkFlow">
    <failure type="java.lang.AssertionError" message="expected [true] but found [false]">
      <![CDATA[java.lang.AssertionError: expected [true] but found [false]
	at com.sysco.pages.SetupInventoryPage.AddSupplier_AddProductDetailsPage(SetupInventoryPage.java:645)
	at com.sysco.test.WorkFlow.MIL_WF2_Location_AddItems__MultipleLocation(WorkFlow.java:1553)
... Removed 28 stack frames]]>
    </failure>
  </testcase> <!-- MIL_WF2_Location_AddItems__MultipleLocation -->
</testsuite> <!-- Test -->
