<?xml version="1.0" encoding="UTF-8"?>
<!-- Generated by org.testng.reporters.JUnitXMLReporter -->
<testsuite hostname="tvmatp312483m.ad.infosys.com" name="Tests for Test" tests="1" failures="1" timestamp="12 Apr 2016 12:38:26 GMT" time="230.528" errors="0">
  <testcase name="submitOrder_Submitted_AddMoreItems_MyCustomList" time="228.499" classname="com.tests.SampleTest">
    <failure type="zRfghY.e" message="Element [lists_ItemSelect ] is not present.">
      <![CDATA[zRfghY.e: Element [lists_ItemSelect ] is not present.
	at zRfghY.d.a(SynchronizationAction.java:90)
	at zRfghY.d.b(SynchronizationAction.java:63)
	at zRfghY.c.waitForTargetPresent(CommandImpl.java:271)
	at com.components.pages.MyCustomListsPage.customListstItem_Click(Unknown Source)
	at com.tests.SampleTest.submitOrder_Submitted_AddMoreItems_MyCustomList(Unknown Source)
	at java.util.concurrent.ThreadPoolExecutor.runWorker(ThreadPoolExecutor.java:1142)
	at java.util.concurrent.ThreadPoolExecutor$Worker.run(ThreadPoolExecutor.java:617)
	at java.lang.Thread.run(Thread.java:745)
... Removed 10 stack frames]]>
    </failure>
  </testcase> <!-- submitOrder_Submitted_AddMoreItems_MyCustomList -->
</testsuite> <!-- Tests for Test -->
