<?xml version="1.0" encoding="UTF-8"?>
<!-- Generated by org.testng.reporters.JUnitXMLReporter -->
<testsuite hostname="049-nb1248.na.sysco.net" name="Test" tests="1" failures="1" timestamp="14 Aug 2016 05:13:51 GMT" time="64.828" errors="0">
  <testcase name="SI_WF36_CustomList_MultipleList_ListNames_SuggestedCat" time="49.433" classname="com.sysco.test.WorkFlow">
    <failure type="java.lang.AssertionError" message="expected [true] but found [false]">
      <![CDATA[java.lang.AssertionError: expected [true] but found [false]
	at com.sysco.pages.CategoryPage.TapAnySuggestedCategory(CategoryPage.java:1272)
	at com.sysco.test.WorkFlow.SI_WF36_CustomList_MultipleList_ListNames_SuggestedCat(WorkFlow.java:1397)
... Removed 28 stack frames]]>
    </failure>
  </testcase> <!-- SI_WF36_CustomList_MultipleList_ListNames_SuggestedCat -->
</testsuite> <!-- Test -->
