<?xml version="1.0" encoding="UTF-8"?>
<!-- Generated by org.testng.reporters.JUnitXMLReporter -->
<testsuite hostname="TVMATP310440M" name="GRP-SI - WF 7,SI - WF 5,SI - WF 9,SI - WF 10 MA" tests="4" failures="0" timestamp="21 Jun 2016 06:24:50 GMT" time="382.248" errors="0">
  <testcase name="SI_WF10_StartFromScratch_OG_DefaultLocation_DefaultCategory_MA" time="87.669" classname="com.tests.WorkFlow"/>
  <testcase name="SI_WF9_StartFromScratch_PdtCatalog_DefaultLocation_DefaultCategory_MA" time="79.305" classname="com.tests.WorkFlow"/>
  <testcase name="SI_WF5_OG_CustomLocation_DefaultCategory_NU" time="138.908" classname="com.tests.WorkFlow"/>
  <testcase name="SI_WF7_OG_DefaultLocation_SkipCategory_MA" time="69.035" classname="com.tests.WorkFlow"/>
</testsuite> <!-- GRP-SI - WF 7,SI - WF 5,SI - WF 9,SI - WF 10 MA -->
