<?xml version="1.0" encoding="UTF-8"?>
<!-- Generated by org.testng.reporters.JUnitXMLReporter -->
<testsuite hostname="TVMATP310440M" name="GRP-SI - WF 33,SI - WF 34,SI - WF 17,SI - WF 37,SI - WF 38" tests="5" failures="0" timestamp="27 Jun 2016 06:05:30 GMT" time="1021.544" errors="0">
  <testcase name="SI_WF34_OG_CustomLocation_SuggestedCategory" time="208.365" classname="com.tests.WorkFlow"/>
  <testcase name="SI_WF37_StartFromScratch_MultipleList_CustomLocation_SuggestedCategory" time="287.142" classname="com.tests.WorkFlow"/>
  <testcase name="SI_WF38_StartFromScratch_MultipleList_DefaultLocation_SuggestedCategory" time="230.872" classname="com.tests.WorkFlow"/>
  <testcase name="SI_WF17_StartFromScratch_MultipleList_DefaultLocation_SkipCategory" time="221.428" classname="com.tests.WorkFlow"/>
  <testcase name="SI_WF33_OG_DefaultLocation_SuggestedCategory" time="63.138" classname="com.tests.WorkFlow"/>
</testsuite> <!-- GRP-SI - WF 33,SI - WF 34,SI - WF 17,SI - WF 37,SI - WF 38 -->
