<?xml version="1.0" encoding="UTF-8"?>
<!-- Generated by org.testng.reporters.JUnitXMLReporter -->
<testsuite hostname="TVMATP310440M" name="GRP-SI - WF 33,SI - WF 34,SI - WF 17,SI - WF 15" tests="4" failures="0" timestamp="5 Jul 2016 06:30:04 GMT" time="756.952" errors="0">
  <testcase name="SI_WF34_OG_CustomLocation_SuggestedCategory" time="187.95" classname="com.tests.WorkFlow"/>
  <testcase name="SI_WF15_StartFromScratch_MultipleList_CustomLocation_DefaultCategory" time="280.298" classname="com.tests.WorkFlow"/>
  <testcase name="SI_WF17_StartFromScratch_MultipleList_DefaultLocation_SkipCategory" time="216.176" classname="com.tests.WorkFlow"/>
  <testcase name="SI_WF33_OG_DefaultLocation_SuggestedCategory" time="64.57" classname="com.tests.WorkFlow"/>
</testsuite> <!-- GRP-SI - WF 33,SI - WF 34,SI - WF 17,SI - WF 15 -->
