<?xml version="1.0" encoding="UTF-8"?>
<!-- Generated by org.testng.reporters.JUnitXMLReporter -->
<testsuite hostname="TVMATP310440M" name="GRP-SI - WF 9 MA,SI - WF 10 MA,SI - WF 11 MA" tests="3" failures="3" timestamp="30 May 2016 05:10:37 GMT" time="14.3" errors="0">
  <testcase name="SI_WF10_StartFromScratch_OG_DefaultLocation_DefaultCategory_MA" time="14.199" classname="com.tests.WorkFlow">
    <failure type="java.lang.NullPointerException">
      <![CDATA[java.lang.NullPointerException
	at com.iwaf.framework.components.IReporter.a(IReporter.java:31)
	at com.iwaf.framework.components.IReporter.c(IReporter.java:41)
	at com.iwaf.framework.components.IReporter.log(IReporter.java:105)
	at zRfghY.p.a(ThreadFactory.java:190)
	at com.iwaf.framework.BasePage.log(BasePage.java:101)
	at com.components.pages.LoginPage.atLoginPage(LoginPage.java:59)
	at com.components.entities.Tester.goToLoginpage(Tester.java:27)
	at com.tests.WorkFlow.SI_WF10_StartFromScratch_OG_DefaultLocation_DefaultCategory_MA(WorkFlow.java:43)
	at sun.reflect.NativeMethodAccessorImpl.invoke0(Native Method)
	at sun.reflect.NativeMethodAccessorImpl.invoke(NativeMethodAccessorImpl.java:57)
	at sun.reflect.DelegatingMethodAccessorImpl.invoke(DelegatingMethodAccessorImpl.java:43)
	at java.lang.reflect.Method.invoke(Method.java:606)
	at org.testng.internal.MethodInvocationHelper.invokeMethod(MethodInvocationHelper.java:86)
	at org.testng.internal.Invoker.invokeMethod(Invoker.java:645)
	at org.testng.internal.Invoker.invokeTestMethod(Invoker.java:822)
	at org.testng.internal.Invoker.invokeTestMethods(Invoker.java:1130)
	at org.testng.internal.TestMethodWorker.invokeTestMethods(TestMethodWorker.java:129)
	at org.testng.internal.TestMethodWorker.run(TestMethodWorker.java:112)
	at org.testng.TestRunner.privateRun(TestRunner.java:782)
	at org.testng.TestRunner.run(TestRunner.java:632)
	at org.testng.SuiteRunner.runTest(SuiteRunner.java:366)
	at org.testng.SuiteRunner.runSequentially(SuiteRunner.java:361)
	at org.testng.SuiteRunner.privateRun(SuiteRunner.java:319)
	at org.testng.SuiteRunner.run(SuiteRunner.java:268)
	at org.testng.SuiteRunnerWorker.runSuite(SuiteRunnerWorker.java:52)
	at org.testng.SuiteRunnerWorker.run(SuiteRunnerWorker.java:86)
	at org.testng.TestNG.runSuitesSequentially(TestNG.java:1244)
	at org.testng.TestNG.runSuitesLocally(TestNG.java:1169)
	at org.testng.TestNG.run(TestNG.java:1064)
	at org.testng.remote.RemoteTestNG.run(RemoteTestNG.java:113)
	at org.testng.remote.RemoteTestNG.initAndRun(RemoteTestNG.java:206)
	at org.testng.remote.RemoteTestNG.main(RemoteTestNG.java:177)
]]>
    </failure>
  </testcase> <!-- SI_WF10_StartFromScratch_OG_DefaultLocation_DefaultCategory_MA -->
  <testcase name="SI_WF11_StartFromScratch_NonSysco_Prep_DefaultLocation_DefaultCategory_MA" time="0.04" classname="com.tests.WorkFlow">
    <failure type="java.lang.NullPointerException">
      <![CDATA[java.lang.NullPointerException
	at com.iwaf.framework.components.IReporter.a(IReporter.java:31)
	at com.iwaf.framework.components.IReporter.c(IReporter.java:41)
	at com.iwaf.framework.components.IReporter.log(IReporter.java:105)
	at zRfghY.p.a(ThreadFactory.java:190)
	at com.iwaf.framework.BasePage.log(BasePage.java:101)
	at com.components.pages.LoginPage.atLoginPage(LoginPage.java:59)
	at com.components.entities.Tester.goToLoginpage(Tester.java:27)
	at com.tests.WorkFlow.SI_WF11_StartFromScratch_NonSysco_Prep_DefaultLocation_DefaultCategory_MA(WorkFlow.java:154)
	at sun.reflect.NativeMethodAccessorImpl.invoke0(Native Method)
	at sun.reflect.NativeMethodAccessorImpl.invoke(NativeMethodAccessorImpl.java:57)
	at sun.reflect.DelegatingMethodAccessorImpl.invoke(DelegatingMethodAccessorImpl.java:43)
	at java.lang.reflect.Method.invoke(Method.java:606)
	at org.testng.internal.MethodInvocationHelper.invokeMethod(MethodInvocationHelper.java:86)
	at org.testng.internal.Invoker.invokeMethod(Invoker.java:645)
	at org.testng.internal.Invoker.invokeTestMethod(Invoker.java:822)
	at org.testng.internal.Invoker.invokeTestMethods(Invoker.java:1130)
	at org.testng.internal.TestMethodWorker.invokeTestMethods(TestMethodWorker.java:129)
	at org.testng.internal.TestMethodWorker.run(TestMethodWorker.java:112)
	at org.testng.TestRunner.privateRun(TestRunner.java:782)
	at org.testng.TestRunner.run(TestRunner.java:632)
	at org.testng.SuiteRunner.runTest(SuiteRunner.java:366)
	at org.testng.SuiteRunner.runSequentially(SuiteRunner.java:361)
	at org.testng.SuiteRunner.privateRun(SuiteRunner.java:319)
	at org.testng.SuiteRunner.run(SuiteRunner.java:268)
	at org.testng.SuiteRunnerWorker.runSuite(SuiteRunnerWorker.java:52)
	at org.testng.SuiteRunnerWorker.run(SuiteRunnerWorker.java:86)
	at org.testng.TestNG.runSuitesSequentially(TestNG.java:1244)
	at org.testng.TestNG.runSuitesLocally(TestNG.java:1169)
	at org.testng.TestNG.run(TestNG.java:1064)
	at org.testng.remote.RemoteTestNG.run(RemoteTestNG.java:113)
	at org.testng.remote.RemoteTestNG.initAndRun(RemoteTestNG.java:206)
	at org.testng.remote.RemoteTestNG.main(RemoteTestNG.java:177)
]]>
    </failure>
  </testcase> <!-- SI_WF11_StartFromScratch_NonSysco_Prep_DefaultLocation_DefaultCategory_MA -->
  <testcase name="SI_WF9_StartFromScratch_PdtCatalog_DefaultLocation_DefaultCategory_MA" time="0.018" classname="com.tests.WorkFlow">
    <failure type="java.lang.NullPointerException">
      <![CDATA[java.lang.NullPointerException
	at com.iwaf.framework.components.IReporter.a(IReporter.java:31)
	at com.iwaf.framework.components.IReporter.c(IReporter.java:41)
	at com.iwaf.framework.components.IReporter.log(IReporter.java:105)
	at zRfghY.p.a(ThreadFactory.java:190)
	at com.iwaf.framework.BasePage.log(BasePage.java:101)
	at com.components.pages.LoginPage.atLoginPage(LoginPage.java:59)
	at com.components.entities.Tester.goToLoginpage(Tester.java:27)
	at com.tests.WorkFlow.SI_WF9_StartFromScratch_PdtCatalog_DefaultLocation_DefaultCategory_MA(WorkFlow.java:302)
	at sun.reflect.NativeMethodAccessorImpl.invoke0(Native Method)
	at sun.reflect.NativeMethodAccessorImpl.invoke(NativeMethodAccessorImpl.java:57)
	at sun.reflect.DelegatingMethodAccessorImpl.invoke(DelegatingMethodAccessorImpl.java:43)
	at java.lang.reflect.Method.invoke(Method.java:606)
	at org.testng.internal.MethodInvocationHelper.invokeMethod(MethodInvocationHelper.java:86)
	at org.testng.internal.Invoker.invokeMethod(Invoker.java:645)
	at org.testng.internal.Invoker.invokeTestMethod(Invoker.java:822)
	at org.testng.internal.Invoker.invokeTestMethods(Invoker.java:1130)
	at org.testng.internal.TestMethodWorker.invokeTestMethods(TestMethodWorker.java:129)
	at org.testng.internal.TestMethodWorker.run(TestMethodWorker.java:112)
	at org.testng.TestRunner.privateRun(TestRunner.java:782)
	at org.testng.TestRunner.run(TestRunner.java:632)
	at org.testng.SuiteRunner.runTest(SuiteRunner.java:366)
	at org.testng.SuiteRunner.runSequentially(SuiteRunner.java:361)
	at org.testng.SuiteRunner.privateRun(SuiteRunner.java:319)
	at org.testng.SuiteRunner.run(SuiteRunner.java:268)
	at org.testng.SuiteRunnerWorker.runSuite(SuiteRunnerWorker.java:52)
	at org.testng.SuiteRunnerWorker.run(SuiteRunnerWorker.java:86)
	at org.testng.TestNG.runSuitesSequentially(TestNG.java:1244)
	at org.testng.TestNG.runSuitesLocally(TestNG.java:1169)
	at org.testng.TestNG.run(TestNG.java:1064)
	at org.testng.remote.RemoteTestNG.run(RemoteTestNG.java:113)
	at org.testng.remote.RemoteTestNG.initAndRun(RemoteTestNG.java:206)
	at org.testng.remote.RemoteTestNG.main(RemoteTestNG.java:177)
]]>
    </failure>
  </testcase> <!-- SI_WF9_StartFromScratch_PdtCatalog_DefaultLocation_DefaultCategory_MA -->
</testsuite> <!-- GRP-SI - WF 9 MA,SI - WF 10 MA,SI - WF 11 MA -->
