<?xml version="1.0" encoding="UTF-8"?>
<!-- Generated by org.testng.reporters.JUnitXMLReporter -->
<testsuite hostname="010-nb3051.na.sysco.net" name="Default test" tests="40" failures="0" timestamp="4 Aug 2016 14:39:18 GMT" time="96.504" errors="0">
  <testcase name="@BeforeMethod setUp" time="0.0" classname="com.sysco.test.WorkFlow">
    <failure type="java.lang.ArrayIndexOutOfBoundsException" message="1">
      <![CDATA[java.lang.ArrayIndexOutOfBoundsException: 1
	at com.sysco.jsn_framework.JSN_Framework.switchToWebContext(JSN_Framework.java:74)
	at com.sysco.test.WorkFlow.setUp(WorkFlow.java:55)
	at sun.reflect.NativeMethodAccessorImpl.invoke0(Native Method)
	at sun.reflect.NativeMethodAccessorImpl.invoke(NativeMethodAccessorImpl.java:62)
	at sun.reflect.DelegatingMethodAccessorImpl.invoke(DelegatingMethodAccessorImpl.java:43)
	at java.lang.reflect.Method.invoke(Method.java:498)
	at org.testng.internal.MethodInvocationHelper.invokeMethod(MethodInvocationHelper.java:84)
	at org.testng.internal.Invoker.invokeConfigurationMethod(Invoker.java:564)
	at org.testng.internal.Invoker.invokeConfigurations(Invoker.java:213)
	at org.testng.internal.Invoker.invokeMethod(Invoker.java:653)
	at org.testng.internal.Invoker.invokeTestMethod(Invoker.java:901)
	at org.testng.internal.Invoker.invokeTestMethods(Invoker.java:1231)
	at org.testng.internal.TestMethodWorker.invokeTestMethods(TestMethodWorker.java:127)
	at org.testng.internal.TestMethodWorker.run(TestMethodWorker.java:111)
	at org.testng.TestRunner.privateRun(TestRunner.java:767)
	at org.testng.TestRunner.run(TestRunner.java:617)
	at org.testng.SuiteRunner.runTest(SuiteRunner.java:334)
	at org.testng.SuiteRunner.runSequentially(SuiteRunner.java:329)
	at org.testng.SuiteRunner.privateRun(SuiteRunner.java:291)
	at org.testng.SuiteRunner.run(SuiteRunner.java:240)
	at org.testng.SuiteRunnerWorker.runSuite(SuiteRunnerWorker.java:52)
	at org.testng.SuiteRunnerWorker.run(SuiteRunnerWorker.java:86)
	at org.testng.TestNG.runSuitesSequentially(TestNG.java:1224)
	at org.testng.TestNG.runSuitesLocally(TestNG.java:1149)
	at org.testng.TestNG.run(TestNG.java:1057)
	at org.testng.remote.AbstractRemoteTestNG.run(AbstractRemoteTestNG.java:126)
	at org.testng.remote.RemoteTestNG.initAndRun(RemoteTestNG.java:152)
	at org.testng.remote.RemoteTestNG.main(RemoteTestNG.java:57)
]]>
    </failure>
  </testcase> <!-- @BeforeMethod setUp -->
  <testcase name="@AfterMethod tearDown" time="0.0" classname="com.sysco.test.WorkFlow">
    <skipped/>
  </testcase> <!-- @AfterMethod tearDown -->
  <testcase name="@BeforeMethod setUp" time="0.0" classname="com.sysco.test.WorkFlow">
    <skipped/>
  </testcase> <!-- @BeforeMethod setUp -->
  <testcase name="@AfterMethod tearDown" time="0.0" classname="com.sysco.test.WorkFlow">
    <skipped/>
  </testcase> <!-- @AfterMethod tearDown -->
  <testcase name="@BeforeMethod setUp" time="0.0" classname="com.sysco.test.WorkFlow">
    <skipped/>
  </testcase> <!-- @BeforeMethod setUp -->
  <testcase name="@AfterMethod tearDown" time="0.0" classname="com.sysco.test.WorkFlow">
    <skipped/>
  </testcase> <!-- @AfterMethod tearDown -->
  <testcase name="@BeforeMethod setUp" time="0.0" classname="com.sysco.test.WorkFlow">
    <skipped/>
  </testcase> <!-- @BeforeMethod setUp -->
  <testcase name="@AfterMethod tearDown" time="0.0" classname="com.sysco.test.WorkFlow">
    <skipped/>
  </testcase> <!-- @AfterMethod tearDown -->
  <testcase name="@BeforeMethod setUp" time="0.0" classname="com.sysco.test.WorkFlow">
    <skipped/>
  </testcase> <!-- @BeforeMethod setUp -->
  <testcase name="@AfterMethod tearDown" time="0.0" classname="com.sysco.test.WorkFlow">
    <skipped/>
  </testcase> <!-- @AfterMethod tearDown -->
  <testcase name="@BeforeMethod setUp" time="0.0" classname="com.sysco.test.WorkFlow">
    <skipped/>
  </testcase> <!-- @BeforeMethod setUp -->
  <testcase name="@AfterMethod tearDown" time="0.0" classname="com.sysco.test.WorkFlow">
    <skipped/>
  </testcase> <!-- @AfterMethod tearDown -->
  <testcase name="@BeforeMethod setUp" time="0.0" classname="com.sysco.test.WorkFlow">
    <skipped/>
  </testcase> <!-- @BeforeMethod setUp -->
  <testcase name="@AfterMethod tearDown" time="0.0" classname="com.sysco.test.WorkFlow">
    <skipped/>
  </testcase> <!-- @AfterMethod tearDown -->
  <testcase name="@BeforeMethod setUp" time="0.0" classname="com.sysco.test.WorkFlow">
    <skipped/>
  </testcase> <!-- @BeforeMethod setUp -->
  <testcase name="@AfterMethod tearDown" time="0.0" classname="com.sysco.test.WorkFlow">
    <skipped/>
  </testcase> <!-- @AfterMethod tearDown -->
  <testcase name="@BeforeMethod setUp" time="0.0" classname="com.sysco.test.WorkFlow">
    <skipped/>
  </testcase> <!-- @BeforeMethod setUp -->
  <testcase name="@AfterMethod tearDown" time="0.0" classname="com.sysco.test.WorkFlow">
    <skipped/>
  </testcase> <!-- @AfterMethod tearDown -->
  <testcase name="@BeforeMethod setUp" time="0.0" classname="com.sysco.test.WorkFlow">
    <skipped/>
  </testcase> <!-- @BeforeMethod setUp -->
  <testcase name="@AfterMethod tearDown" time="0.0" classname="com.sysco.test.WorkFlow">
    <skipped/>
  </testcase> <!-- @AfterMethod tearDown -->
  <testcase name="@BeforeMethod setUp" time="0.0" classname="com.sysco.test.WorkFlow">
    <skipped/>
  </testcase> <!-- @BeforeMethod setUp -->
  <testcase name="@AfterMethod tearDown" time="0.0" classname="com.sysco.test.WorkFlow">
    <skipped/>
  </testcase> <!-- @AfterMethod tearDown -->
  <testcase name="@BeforeMethod setUp" time="0.0" classname="com.sysco.test.WorkFlow">
    <skipped/>
  </testcase> <!-- @BeforeMethod setUp -->
  <testcase name="@AfterMethod tearDown" time="0.0" classname="com.sysco.test.WorkFlow">
    <skipped/>
  </testcase> <!-- @AfterMethod tearDown -->
  <testcase name="@BeforeMethod setUp" time="0.0" classname="com.sysco.test.WorkFlow">
    <skipped/>
  </testcase> <!-- @BeforeMethod setUp -->
  <testcase name="@AfterMethod tearDown" time="0.0" classname="com.sysco.test.WorkFlow">
    <skipped/>
  </testcase> <!-- @AfterMethod tearDown -->
  <testcase name="@BeforeMethod setUp" time="0.0" classname="com.sysco.test.WorkFlow">
    <skipped/>
  </testcase> <!-- @BeforeMethod setUp -->
  <testcase name="@AfterMethod tearDown" time="0.0" classname="com.sysco.test.WorkFlow">
    <skipped/>
  </testcase> <!-- @AfterMethod tearDown -->
  <testcase name="@BeforeMethod setUp" time="0.0" classname="com.sysco.test.WorkFlow">
    <skipped/>
  </testcase> <!-- @BeforeMethod setUp -->
  <testcase name="@AfterMethod tearDown" time="0.0" classname="com.sysco.test.WorkFlow">
    <skipped/>
  </testcase> <!-- @AfterMethod tearDown -->
  <testcase name="@BeforeMethod setUp" time="0.0" classname="com.sysco.test.WorkFlow">
    <skipped/>
  </testcase> <!-- @BeforeMethod setUp -->
  <testcase name="@AfterMethod tearDown" time="0.0" classname="com.sysco.test.WorkFlow">
    <skipped/>
  </testcase> <!-- @AfterMethod tearDown -->
  <testcase name="@BeforeMethod setUp" time="0.0" classname="com.sysco.test.WorkFlow">
    <skipped/>
  </testcase> <!-- @BeforeMethod setUp -->
  <testcase name="@AfterMethod tearDown" time="0.0" classname="com.sysco.test.WorkFlow">
    <skipped/>
  </testcase> <!-- @AfterMethod tearDown -->
  <testcase name="@BeforeMethod setUp" time="0.0" classname="com.sysco.test.WorkFlow">
    <skipped/>
  </testcase> <!-- @BeforeMethod setUp -->
  <testcase name="@AfterMethod tearDown" time="0.0" classname="com.sysco.test.WorkFlow">
    <skipped/>
  </testcase> <!-- @AfterMethod tearDown -->
  <testcase name="@BeforeMethod setUp" time="0.0" classname="com.sysco.test.WorkFlow">
    <skipped/>
  </testcase> <!-- @BeforeMethod setUp -->
  <testcase name="@AfterMethod tearDown" time="0.0" classname="com.sysco.test.WorkFlow">
    <skipped/>
  </testcase> <!-- @AfterMethod tearDown -->
  <testcase name="@BeforeMethod setUp" time="0.0" classname="com.sysco.test.WorkFlow">
    <skipped/>
  </testcase> <!-- @BeforeMethod setUp -->
  <testcase name="@AfterMethod tearDown" time="0.0" classname="com.sysco.test.WorkFlow">
    <skipped/>
  </testcase> <!-- @AfterMethod tearDown -->
  <testcase name="@BeforeMethod setUp" time="0.0" classname="com.sysco.test.WorkFlow">
    <skipped/>
  </testcase> <!-- @BeforeMethod setUp -->
  <testcase name="@AfterMethod tearDown" time="0.0" classname="com.sysco.test.WorkFlow">
    <skipped/>
  </testcase> <!-- @AfterMethod tearDown -->
  <testcase name="@BeforeMethod setUp" time="0.0" classname="com.sysco.test.WorkFlow">
    <skipped/>
  </testcase> <!-- @BeforeMethod setUp -->
  <testcase name="@AfterMethod tearDown" time="0.0" classname="com.sysco.test.WorkFlow">
    <skipped/>
  </testcase> <!-- @AfterMethod tearDown -->
  <testcase name="@BeforeMethod setUp" time="0.0" classname="com.sysco.test.WorkFlow">
    <skipped/>
  </testcase> <!-- @BeforeMethod setUp -->
  <testcase name="@AfterMethod tearDown" time="0.0" classname="com.sysco.test.WorkFlow">
    <skipped/>
  </testcase> <!-- @AfterMethod tearDown -->
  <testcase name="@BeforeMethod setUp" time="0.0" classname="com.sysco.test.WorkFlow">
    <skipped/>
  </testcase> <!-- @BeforeMethod setUp -->
  <testcase name="@AfterMethod tearDown" time="0.0" classname="com.sysco.test.WorkFlow">
    <skipped/>
  </testcase> <!-- @AfterMethod tearDown -->
  <testcase name="@BeforeMethod setUp" time="0.0" classname="com.sysco.test.WorkFlow">
    <skipped/>
  </testcase> <!-- @BeforeMethod setUp -->
  <testcase name="@AfterMethod tearDown" time="0.0" classname="com.sysco.test.WorkFlow">
    <skipped/>
  </testcase> <!-- @AfterMethod tearDown -->
  <testcase name="@BeforeMethod setUp" time="0.0" classname="com.sysco.test.WorkFlow">
    <skipped/>
  </testcase> <!-- @BeforeMethod setUp -->
  <testcase name="@AfterMethod tearDown" time="0.0" classname="com.sysco.test.WorkFlow">
    <skipped/>
  </testcase> <!-- @AfterMethod tearDown -->
  <testcase name="@BeforeMethod setUp" time="0.0" classname="com.sysco.test.WorkFlow">
    <skipped/>
  </testcase> <!-- @BeforeMethod setUp -->
  <testcase name="@AfterMethod tearDown" time="0.0" classname="com.sysco.test.WorkFlow">
    <skipped/>
  </testcase> <!-- @AfterMethod tearDown -->
  <testcase name="@BeforeMethod setUp" time="0.0" classname="com.sysco.test.WorkFlow">
    <skipped/>
  </testcase> <!-- @BeforeMethod setUp -->
  <testcase name="@AfterMethod tearDown" time="0.0" classname="com.sysco.test.WorkFlow">
    <skipped/>
  </testcase> <!-- @AfterMethod tearDown -->
  <testcase name="@BeforeMethod setUp" time="0.0" classname="com.sysco.test.WorkFlow">
    <skipped/>
  </testcase> <!-- @BeforeMethod setUp -->
  <testcase name="@AfterMethod tearDown" time="0.0" classname="com.sysco.test.WorkFlow">
    <skipped/>
  </testcase> <!-- @AfterMethod tearDown -->
  <testcase name="@BeforeMethod setUp" time="0.0" classname="com.sysco.test.WorkFlow">
    <skipped/>
  </testcase> <!-- @BeforeMethod setUp -->
  <testcase name="@AfterMethod tearDown" time="0.0" classname="com.sysco.test.WorkFlow">
    <skipped/>
  </testcase> <!-- @AfterMethod tearDown -->
  <testcase name="@BeforeMethod setUp" time="0.0" classname="com.sysco.test.WorkFlow">
    <skipped/>
  </testcase> <!-- @BeforeMethod setUp -->
  <testcase name="@AfterMethod tearDown" time="0.0" classname="com.sysco.test.WorkFlow">
    <skipped/>
  </testcase> <!-- @AfterMethod tearDown -->
  <testcase name="@BeforeMethod setUp" time="0.0" classname="com.sysco.test.WorkFlow">
    <skipped/>
  </testcase> <!-- @BeforeMethod setUp -->
  <testcase name="@AfterMethod tearDown" time="0.0" classname="com.sysco.test.WorkFlow">
    <skipped/>
  </testcase> <!-- @AfterMethod tearDown -->
  <testcase name="@BeforeMethod setUp" time="0.0" classname="com.sysco.test.WorkFlow">
    <skipped/>
  </testcase> <!-- @BeforeMethod setUp -->
  <testcase name="@AfterMethod tearDown" time="0.0" classname="com.sysco.test.WorkFlow">
    <skipped/>
  </testcase> <!-- @AfterMethod tearDown -->
  <testcase name="@BeforeMethod setUp" time="0.0" classname="com.sysco.test.WorkFlow">
    <skipped/>
  </testcase> <!-- @BeforeMethod setUp -->
  <testcase name="@AfterMethod tearDown" time="0.0" classname="com.sysco.test.WorkFlow">
    <skipped/>
  </testcase> <!-- @AfterMethod tearDown -->
  <testcase name="@BeforeMethod setUp" time="0.0" classname="com.sysco.test.WorkFlow">
    <skipped/>
  </testcase> <!-- @BeforeMethod setUp -->
  <testcase name="@AfterMethod tearDown" time="0.0" classname="com.sysco.test.WorkFlow">
    <skipped/>
  </testcase> <!-- @AfterMethod tearDown -->
  <testcase name="@BeforeMethod setUp" time="0.0" classname="com.sysco.test.WorkFlow">
    <skipped/>
  </testcase> <!-- @BeforeMethod setUp -->
  <testcase name="@AfterMethod tearDown" time="0.0" classname="com.sysco.test.WorkFlow">
    <skipped/>
  </testcase> <!-- @AfterMethod tearDown -->
  <testcase name="@BeforeMethod setUp" time="0.0" classname="com.sysco.test.WorkFlow">
    <skipped/>
  </testcase> <!-- @BeforeMethod setUp -->
  <testcase name="@AfterMethod tearDown" time="0.0" classname="com.sysco.test.WorkFlow">
    <skipped/>
  </testcase> <!-- @AfterMethod tearDown -->
  <testcase name="@BeforeMethod setUp" time="0.0" classname="com.sysco.test.WorkFlow">
    <skipped/>
  </testcase> <!-- @BeforeMethod setUp -->
  <testcase name="@AfterMethod tearDown" time="0.0" classname="com.sysco.test.WorkFlow">
    <skipped/>
  </testcase> <!-- @AfterMethod tearDown -->
  <testcase name="@BeforeMethod setUp" time="0.0" classname="com.sysco.test.WorkFlow">
    <skipped/>
  </testcase> <!-- @BeforeMethod setUp -->
  <testcase name="@AfterMethod tearDown" time="0.0" classname="com.sysco.test.WorkFlow">
    <skipped/>
  </testcase> <!-- @AfterMethod tearDown -->
  <testcase name="SI_WF1_OG_DefaultLocation_DefaultCategory" time="67.744" classname="com.sysco.test.WorkFlow"/>
  <testcase name="SI_WF3_OG_CustomMultipleLocation_CustomMultipleCategory" time="0.001" classname="com.sysco.test.WorkFlow">
    <skipped/>
  </testcase> <!-- SI_WF3_OG_CustomMultipleLocation_CustomMultipleCategory -->
  <testcase name="SI_WF4_OG_DefaultLocation_CustomCategory" time="0.005" classname="com.sysco.test.WorkFlow">
    <skipped/>
  </testcase> <!-- SI_WF4_OG_DefaultLocation_CustomCategory -->
  <testcase name="SI_WF5_OG_CustomLocation_DefaultCategory" time="0.002" classname="com.sysco.test.WorkFlow">
    <skipped/>
  </testcase> <!-- SI_WF5_OG_CustomLocation_DefaultCategory -->
  <testcase name="SI_WF6_OG_SkipLocation_SkipCategory" time="0.003" classname="com.sysco.test.WorkFlow">
    <skipped/>
  </testcase> <!-- SI_WF6_OG_SkipLocation_SkipCategory -->
  <testcase name="SI_WF7_OG_DefaultLocation_SkipCategory" time="0.002" classname="com.sysco.test.WorkFlow">
    <skipped/>
  </testcase> <!-- SI_WF7_OG_DefaultLocation_SkipCategory -->
  <testcase name="SI_WF8_OG_SkipLocation_DefaultCategory" time="0.001" classname="com.sysco.test.WorkFlow">
    <skipped/>
  </testcase> <!-- SI_WF8_OG_SkipLocation_DefaultCategory -->
  <testcase name="SI_WF19_CustomList_defaultLoc_defaultcategory" time="0.001" classname="com.sysco.test.WorkFlow">
    <skipped/>
  </testcase> <!-- SI_WF19_CustomList_defaultLoc_defaultcategory -->
  <testcase name="SI_WF20_CustomList_CustomLoc_Customcategory" time="0.001" classname="com.sysco.test.WorkFlow">
    <skipped/>
  </testcase> <!-- SI_WF20_CustomList_CustomLoc_Customcategory -->
  <testcase name="SI_WF21_CustomList_CustomLoc_Customcategory_FewItems" time="0.003" classname="com.sysco.test.WorkFlow">
    <skipped/>
  </testcase> <!-- SI_WF21_CustomList_CustomLoc_Customcategory_FewItems -->
  <testcase name="SI_WF22_CustomList_DefaultLoc_Customcategory" time="0.002" classname="com.sysco.test.WorkFlow">
    <skipped/>
  </testcase> <!-- SI_WF22_CustomList_DefaultLoc_Customcategory -->
  <testcase name="SI_WF23_CustomList_CustomLoc_defaultcategory" time="0.001" classname="com.sysco.test.WorkFlow">
    <skipped/>
  </testcase> <!-- SI_WF23_CustomList_CustomLoc_defaultcategory -->
  <testcase name="SI_WF24_CustomList_SkipLoc_Skipcategory" time="0.001" classname="com.sysco.test.WorkFlow">
    <skipped/>
  </testcase> <!-- SI_WF24_CustomList_SkipLoc_Skipcategory -->
  <testcase name="SI_WF25_CustomList_DefaultLoc_Skipcategory" time="0.001" classname="com.sysco.test.WorkFlow">
    <skipped/>
  </testcase> <!-- SI_WF25_CustomList_DefaultLoc_Skipcategory -->
  <testcase name="SI_WF26_CustomList_SkipLoc_defaultcategory_NU" time="0.003" classname="com.sysco.test.WorkFlow">
    <skipped/>
  </testcase> <!-- SI_WF26_CustomList_SkipLoc_defaultcategory_NU -->
  <testcase name="SI_WF27_CustomList_MultipleList_ListNames_DefaultCat" time="0.002" classname="com.sysco.test.WorkFlow">
    <skipped/>
  </testcase> <!-- SI_WF27_CustomList_MultipleList_ListNames_DefaultCat -->
  <testcase name="SI_WF28_CustomList_MultipleList_ListNames_Customcategory" time="0.001" classname="com.sysco.test.WorkFlow">
    <skipped/>
  </testcase> <!-- SI_WF28_CustomList_MultipleList_ListNames_Customcategory -->
  <testcase name="SI_WF29_CustomListSingleList_CustomCategoryOnLocationsPage_defaultcategory" time="0.002" classname="com.sysco.test.WorkFlow">
    <skipped/>
  </testcase> <!-- SI_WF29_CustomListSingleList_CustomCategoryOnLocationsPage_defaultcategory -->
  <testcase name="SI_WF30_CustomListSingleList_CustomCategoryOnLocationsPage_customcategory" time="0.002" classname="com.sysco.test.WorkFlow">
    <skipped/>
  </testcase> <!-- SI_WF30_CustomListSingleList_CustomCategoryOnLocationsPage_customcategory -->
  <testcase name="SI_WF31_CustomList_MultipleList_ListNames_Skipcategory" time="0.001" classname="com.sysco.test.WorkFlow">
    <skipped/>
  </testcase> <!-- SI_WF31_CustomList_MultipleList_ListNames_Skipcategory -->
  <testcase name="SI_WF32_CustomList_SingleList_CustomCatLoc_Skipcategory" time="0.159" classname="com.sysco.test.WorkFlow">
    <skipped/>
  </testcase> <!-- SI_WF32_CustomList_SingleList_CustomCatLoc_Skipcategory -->
  <testcase name="SI_WF33_OG_DefaultLocation_SuggestedCategory" time="0.008" classname="com.sysco.test.WorkFlow">
    <skipped/>
  </testcase> <!-- SI_WF33_OG_DefaultLocation_SuggestedCategory -->
  <testcase name="SI_WF34_OG_CustomLocation_SuggestedCategory" time="0.02" classname="com.sysco.test.WorkFlow">
    <skipped/>
  </testcase> <!-- SI_WF34_OG_CustomLocation_SuggestedCategory -->
  <testcase name="SI_WF35_CustomListSingleList_CustomCategoryOnLocationsPage_suggestedcategory" time="0.001" classname="com.sysco.test.WorkFlow">
    <skipped/>
  </testcase> <!-- SI_WF35_CustomListSingleList_CustomCategoryOnLocationsPage_suggestedcategory -->
  <testcase name="SI_WF36_CustomList_MultipleList_ListNames_SuggestedCat" time="0.028" classname="com.sysco.test.WorkFlow">
    <skipped/>
  </testcase> <!-- SI_WF36_CustomList_MultipleList_ListNames_SuggestedCat -->
  <testcase name="TI_WF1_WF2_Location_Item_UOMQuantity" time="0.002" classname="com.sysco.test.WorkFlow">
    <skipped/>
  </testcase> <!-- TI_WF1_WF2_Location_Item_UOMQuantity -->
  <testcase name="MIL_WF1_WF4_Location_AddItems" time="0.001" classname="com.sysco.test.WorkFlow">
    <skipped/>
  </testcase> <!-- MIL_WF1_WF4_Location_AddItems -->
  <testcase name="MIL_WF2_Location_AddItems__MultipleLocation" time="0.001" classname="com.sysco.test.WorkFlow">
    <skipped/>
  </testcase> <!-- MIL_WF2_Location_AddItems__MultipleLocation -->
  <testcase name="MIL_WF3_Location_SearchItems" time="0.021" classname="com.sysco.test.WorkFlow">
    <skipped/>
  </testcase> <!-- MIL_WF3_Location_SearchItems -->
  <testcase name="MIL_WF5_Locations_ItemEdit_UpdateLocation" time="0.001" classname="com.sysco.test.WorkFlow">
    <skipped/>
  </testcase> <!-- MIL_WF5_Locations_ItemEdit_UpdateLocation -->
  <testcase name="MIL_WF6_Create_Edit_Delete_Locations" time="0.005" classname="com.sysco.test.WorkFlow">
    <skipped/>
  </testcase> <!-- MIL_WF6_Create_Edit_Delete_Locations -->
  <testcase name="MIL_WF7_TrackInventory_Location_Edit_Delete_Items_location_MA" time="0.001" classname="com.sysco.test.WorkFlow">
    <skipped/>
  </testcase> <!-- MIL_WF7_TrackInventory_Location_Edit_Delete_Items_location_MA -->
  <testcase name="MIL_WF10_TrackInventory_Location_item_productcard_updateqtyUOM" time="0.005" classname="com.sysco.test.WorkFlow">
    <skipped/>
  </testcase> <!-- MIL_WF10_TrackInventory_Location_item_productcard_updateqtyUOM -->
  <testcase name="MEC_WF1_Locations_ItemEdit_UpdateCategory" time="0.104" classname="com.sysco.test.WorkFlow">
    <skipped/>
  </testcase> <!-- MEC_WF1_Locations_ItemEdit_UpdateCategory -->
  <testcase name="MEC_WF2_Category_Create_Edit_Delete_Category" time="0.001" classname="com.sysco.test.WorkFlow">
    <skipped/>
  </testcase> <!-- MEC_WF2_Category_Create_Edit_Delete_Category -->
  <testcase name="MP_WF1_Purchases_FoodCost" time="0.001" classname="com.sysco.test.WorkFlow">
    <skipped/>
  </testcase> <!-- MP_WF1_Purchases_FoodCost -->
  <testcase name="MNS_1_1_CreateNonSyscoItem_LinkSupplier_Location_Category" time="0.001" classname="com.sysco.test.WorkFlow">
    <skipped/>
  </testcase> <!-- MNS_1_1_CreateNonSyscoItem_LinkSupplier_Location_Category -->
  <testcase name="MNS_1_CreateNonSyscoItem_LinkSupplier_Location_Category" time="0.015" classname="com.sysco.test.WorkFlow">
    <skipped/>
  </testcase> <!-- MNS_1_CreateNonSyscoItem_LinkSupplier_Location_Category -->
  <testcase name="MPI_1_CreatePrepItem_LinkLocation_Category_NU" time="0.001" classname="com.sysco.test.WorkFlow">
    <skipped/>
  </testcase> <!-- MPI_1_CreatePrepItem_LinkLocation_Category_NU -->
  <testcase name="MSP1_MSP2_Add_View_ManageSuppliers" time="0.001" classname="com.sysco.test.WorkFlow">
    <skipped/>
  </testcase> <!-- MSP1_MSP2_Add_View_ManageSuppliers -->
</testsuite> <!-- Default test -->
