<?xml version="1.0" encoding="UTF-8"?>
<testng-results skipped="0" failed="0" total="1" passed="1">
  <reporter-output>
    <line>
      <![CDATA[Login page verification :Pass]]>
    </line>
    <line>
      <![CDATA[Save username verification :Pass]]>
    </line>
    <line>
      <![CDATA[Sign In]]>
    </line>
    <line>
      <![CDATA[Sign in :Pass]]>
    </line>
    <line>
      <![CDATA[Navigating to Setup inventory page :Pass]]>
    </line>
    <line>
      <![CDATA[Tapped on skip :Pass]]>
    </line>
    <line>
      <![CDATA[Selecting custom list  ]]>
    </line>
    <line>
      <![CDATA[Selected  custom list  from SetupInventoryImportItems:Pass]]>
    </line>
    <line>
      <![CDATA[Tapped on Continue :Pass]]>
    </line>
    <line>
      <![CDATA[Selecting list]]>
    </line>
    <line>
      <![CDATA[List is selected :Pass]]>
    </line>
    <line>
      <![CDATA[custom location clickElemented :Pass]]>
    </line>
    <line>
      <![CDATA[Tapped on Continue :Pass]]>
    </line>
    <line>
      <![CDATA[added location name :Pass]]>
    </line>
    <line>
      <![CDATA[Entering type Dry]]>
    </line>
    <line>
      <![CDATA[Entered type in add Locations page :Pass]]>
    </line>
    <line>
      <![CDATA[Entering anotherloc]]>
    </line>
    <line>
      <![CDATA[Entered second loc in Locations page :Pass]]>
    </line>
    <line>
      <![CDATA[Entering Location name]]>
    </line>
    <line>
      <![CDATA[Entered location name2 in add Locations page :Pass]]>
    </line>
    <line>
      <![CDATA[Entering type Dry]]>
    </line>
    <line>
      <![CDATA[Entered type in add Locations page :Pass]]>
    </line>
    <line>
      <![CDATA[Tapped on Next : Pass]]>
    </line>
    <line>
      <![CDATA[ Adding Item from Order Guide]]>
    </line>
    <line>
      <![CDATA[Multiple items selected :Pass]]>
    </line>
    <line>
      <![CDATA[Tapped on Next : Pass]]>
    </line>
    <line>
      <![CDATA[Multiple items selected :Pass]]>
    </line>
    <line>
      <![CDATA[Multiple items selected :Pass]]>
    </line>
    <line>
      <![CDATA[Tapped on done:Pass]]>
    </line>
    <line>
      <![CDATA[Custom Category selected from Food cost page :Pass]]>
    </line>
    <line>
      <![CDATA[Tapped on Continue :Pass]]>
    </line>
    <line>
      <![CDATA[Creating multiple custom category]]>
    </line>
    <line>
      <![CDATA[Custom Categories created:Pass]]>
    </line>
    <line>
      <![CDATA[Tapped on Next : Pass]]>
    </line>
    <line>
      <![CDATA[Multiple items selected :Pass]]>
    </line>
    <line>
      <![CDATA[Tapped on Next : Pass]]>
    </line>
    <line>
      <![CDATA[Tapped on done:Pass]]>
    </line>
    <line>
      <![CDATA[Tapped on TakeHome :Pass]]>
    </line>
    <line>
      <![CDATA[Tapped  TrackInventory from inventory tools page:Pass]]>
    </line>
    <line>
      <![CDATA[Selecting location]]>
    </line>
    <line>
      <![CDATA[Location is selected for item :Pass]]>
    </line>
    <line>
      <![CDATA[locationItem verify ]]>
    </line>
    <line>
      <![CDATA[Item verification done :Pass]]>
    </line>
    <line>
      <![CDATA[Tapped on done:Pass]]>
    </line>
    <line>
      <![CDATA[Selecting location]]>
    </line>
    <line>
      <![CDATA[Location is selected for item :Pass]]>
    </line>
    <line>
      <![CDATA[locationItem verify ]]>
    </line>
    <line>
      <![CDATA[Item verification done :Pass]]>
    </line>
  </reporter-output>
  <suite name="Suite" duration-ms="251335" started-at="2016-07-29T15:26:05Z" finished-at="2016-07-29T15:30:16Z">
    <groups>
      <group name="SI - WF 21">
        <method signature="WorkFlow.SI_WF21_CustomList_CustomLoc_Customcategory_FewItems()[pri:0, instance:com.sysco.test.WorkFlow@a7e666]" name="SI_WF21_CustomList_CustomLoc_Customcategory_FewItems" class="com.sysco.test.WorkFlow"/>
      </group> <!-- SI - WF 21 -->
    </groups>
    <test name="Test" duration-ms="251335" started-at="2016-07-29T15:26:05Z" finished-at="2016-07-29T15:30:16Z">
      <class name="com.sysco.test.WorkFlow">
        <test-method status="PASS" signature="setUp()[pri:0, instance:com.sysco.test.WorkFlow@a7e666]" name="setUp" is-config="true" duration-ms="19002" started-at="2016-07-29T20:56:05Z" finished-at="2016-07-29T20:56:24Z">
          <reporter-output>
          </reporter-output>
        </test-method> <!-- setUp -->
        <test-method status="PASS" signature="SI_WF21_CustomList_CustomLoc_Customcategory_FewItems()[pri:0, instance:com.sysco.test.WorkFlow@a7e666]" name="SI_WF21_CustomList_CustomLoc_Customcategory_FewItems" duration-ms="229746" started-at="2016-07-29T20:56:24Z" description="SI - WF 21-Custom List + Custom Loc + Custom Category + Few items" finished-at="2016-07-29T21:00:14Z">
          <reporter-output>
            <line>
              <![CDATA[Login page verification :Pass]]>
            </line>
            <line>
              <![CDATA[Save username verification :Pass]]>
            </line>
            <line>
              <![CDATA[Sign In]]>
            </line>
            <line>
              <![CDATA[Sign in :Pass]]>
            </line>
            <line>
              <![CDATA[Navigating to Setup inventory page :Pass]]>
            </line>
            <line>
              <![CDATA[Tapped on skip :Pass]]>
            </line>
            <line>
              <![CDATA[Selecting custom list  ]]>
            </line>
            <line>
              <![CDATA[Selected  custom list  from SetupInventoryImportItems:Pass]]>
            </line>
            <line>
              <![CDATA[Tapped on Continue :Pass]]>
            </line>
            <line>
              <![CDATA[Selecting list]]>
            </line>
            <line>
              <![CDATA[List is selected :Pass]]>
            </line>
            <line>
              <![CDATA[custom location clickElemented :Pass]]>
            </line>
            <line>
              <![CDATA[Tapped on Continue :Pass]]>
            </line>
            <line>
              <![CDATA[added location name :Pass]]>
            </line>
            <line>
              <![CDATA[Entering type Dry]]>
            </line>
            <line>
              <![CDATA[Entered type in add Locations page :Pass]]>
            </line>
            <line>
              <![CDATA[Entering anotherloc]]>
            </line>
            <line>
              <![CDATA[Entered second loc in Locations page :Pass]]>
            </line>
            <line>
              <![CDATA[Entering Location name]]>
            </line>
            <line>
              <![CDATA[Entered location name2 in add Locations page :Pass]]>
            </line>
            <line>
              <![CDATA[Entering type Dry]]>
            </line>
            <line>
              <![CDATA[Entered type in add Locations page :Pass]]>
            </line>
            <line>
              <![CDATA[Tapped on Next : Pass]]>
            </line>
            <line>
              <![CDATA[ Adding Item from Order Guide]]>
            </line>
            <line>
              <![CDATA[Multiple items selected :Pass]]>
            </line>
            <line>
              <![CDATA[Tapped on Next : Pass]]>
            </line>
            <line>
              <![CDATA[Multiple items selected :Pass]]>
            </line>
            <line>
              <![CDATA[Multiple items selected :Pass]]>
            </line>
            <line>
              <![CDATA[Tapped on done:Pass]]>
            </line>
            <line>
              <![CDATA[Custom Category selected from Food cost page :Pass]]>
            </line>
            <line>
              <![CDATA[Tapped on Continue :Pass]]>
            </line>
            <line>
              <![CDATA[Creating multiple custom category]]>
            </line>
            <line>
              <![CDATA[Custom Categories created:Pass]]>
            </line>
            <line>
              <![CDATA[Tapped on Next : Pass]]>
            </line>
            <line>
              <![CDATA[Multiple items selected :Pass]]>
            </line>
            <line>
              <![CDATA[Tapped on Next : Pass]]>
            </line>
            <line>
              <![CDATA[Tapped on done:Pass]]>
            </line>
            <line>
              <![CDATA[Tapped on TakeHome :Pass]]>
            </line>
            <line>
              <![CDATA[Tapped  TrackInventory from inventory tools page:Pass]]>
            </line>
            <line>
              <![CDATA[Selecting location]]>
            </line>
            <line>
              <![CDATA[Location is selected for item :Pass]]>
            </line>
            <line>
              <![CDATA[locationItem verify ]]>
            </line>
            <line>
              <![CDATA[Item verification done :Pass]]>
            </line>
            <line>
              <![CDATA[Tapped on done:Pass]]>
            </line>
            <line>
              <![CDATA[Selecting location]]>
            </line>
            <line>
              <![CDATA[Location is selected for item :Pass]]>
            </line>
            <line>
              <![CDATA[locationItem verify ]]>
            </line>
            <line>
              <![CDATA[Item verification done :Pass]]>
            </line>
          </reporter-output>
        </test-method> <!-- SI_WF21_CustomList_CustomLoc_Customcategory_FewItems -->
        <test-method status="PASS" signature="tearDown()[pri:0, instance:com.sysco.test.WorkFlow@a7e666]" name="tearDown" is-config="true" duration-ms="2553" started-at="2016-07-29T21:00:14Z" finished-at="2016-07-29T21:00:16Z">
          <reporter-output>
          </reporter-output>
        </test-method> <!-- tearDown -->
      </class> <!-- com.sysco.test.WorkFlow -->
    </test> <!-- Test -->
  </suite> <!-- Suite -->
</testng-results>
