<?xml version="1.0" encoding="UTF-8"?>
<testng-results skipped="0" failed="1" total="1" passed="0">
  <reporter-output>
    <line>
      <![CDATA[Login page verification :Pass]]>
    </line>
    <line>
      <![CDATA[Save username verification :Pass]]>
    </line>
    <line>
      <![CDATA[Sign In]]>
    </line>
    <line>
      <![CDATA[Sign in :Pass]]>
    </line>
    <line>
      <![CDATA[Navigating to Setup inventory page :Pass]]>
    </line>
    <line>
      <![CDATA[Tapped on skip :Pass]]>
    </line>
    <line>
      <![CDATA[Selecting custom list  ]]>
    </line>
    <line>
      <![CDATA[Selected  custom list  from SetupInventoryImportItems:Pass]]>
    </line>
    <line>
      <![CDATA[Tapped on Continue :Pass]]>
    </line>
    <line>
      <![CDATA[Selecting list]]>
    </line>
    <line>
      <![CDATA[List is selected :Pass]]>
    </line>
    <line>
      <![CDATA[Selecting list]]>
    </line>
    <line>
      <![CDATA[List is selected :Pass]]>
    </line>
    <line>
      <![CDATA[Selecting custom category from Locations page]]>
    </line>
    <line>
      <![CDATA[List Names selected from locations page :Pass]]>
    </line>
    <line>
      <![CDATA[Tapped on Continue :Pass]]>
    </line>
    <line>
      <![CDATA[Selecting suggested category from Food cost page]]>
    </line>
    <line>
      <![CDATA[Suggested Category selected :Pass]]>
    </line>
    <line>
      <![CDATA[Tapped on Continue :Pass]]>
    </line>
    <line>
      <![CDATA[Tapped on TakeHome :Pass]]>
    </line>
    <line>
      <![CDATA[Tapped  TrackInventory from inventory tools page:Pass]]>
    </line>
    <line>
      <![CDATA[Selecting location]]>
    </line>
    <line>
      <![CDATA[Location is selected for item :Pass]]>
    </line>
    <line>
      <![CDATA[locationItem verify ]]>
    </line>
    <line>
      <![CDATA[Item verification done :Pass]]>
    </line>
    <line>
      <![CDATA[tap on back :Pass]]>
    </line>
    <line>
      <![CDATA[Selecting location]]>
    </line>
    <line>
      <![CDATA[Location is selected for item :Pass]]>
    </line>
    <line>
      <![CDATA[locationItem verify ]]>
    </line>
    <line>
      <![CDATA[Item verification done :Pass]]>
    </line>
    <line>
      <![CDATA[Product ID verified  :Pass]]>
    </line>
    <line>
      <![CDATA[Suggested Category is verified for item :Pass]]>
    </line>
    <line>
      <![CDATA[Selecting sysco item from location ]]>
    </line>
    <line>
      <![CDATA[Selecting an item from location :Pass]]>
    </line>
    <line>
      <![CDATA[Editing]]>
    </line>
    <line>
      <![CDATA[tap on edit :Pass]]>
    </line>
    <line>
      <![CDATA[Selected add category : Pass]]>
    </line>
    <line>
      <![CDATA[Suggested Category is selected for item   :Fail]]>
    </line>
  </reporter-output>
  <suite name="Suite2" duration-ms="64828" started-at="2016-08-14T05:12:46Z" finished-at="2016-08-14T05:13:51Z">
    <groups>
      <group name="SI - WF 36">
        <method signature="WorkFlow.SI_WF36_CustomList_MultipleList_ListNames_SuggestedCat()[pri:0, instance:com.sysco.test.WorkFlow@3cef309d]" name="SI_WF36_CustomList_MultipleList_ListNames_SuggestedCat" class="com.sysco.test.WorkFlow"/>
      </group> <!-- SI - WF 36 -->
    </groups>
    <test name="Test" duration-ms="64828" started-at="2016-08-14T05:12:46Z" finished-at="2016-08-14T05:13:51Z">
      <class name="com.sysco.test.WorkFlow">
        <test-method status="PASS" signature="setUp()[pri:0, instance:com.sysco.test.WorkFlow@3cef309d]" name="setUp" is-config="true" duration-ms="12677" started-at="2016-08-14T00:12:46Z" finished-at="2016-08-14T00:12:58Z">
          <reporter-output>
          </reporter-output>
        </test-method> <!-- setUp -->
        <test-method status="FAIL" signature="SI_WF36_CustomList_MultipleList_ListNames_SuggestedCat()[pri:0, instance:com.sysco.test.WorkFlow@3cef309d]" name="SI_WF36_CustomList_MultipleList_ListNames_SuggestedCat" duration-ms="49433" started-at="2016-08-14T00:12:58Z" description="SI - WF 36-Custom List + Select Multiple List +List Names+Suggested Cat" finished-at="2016-08-14T00:13:48Z">
          <exception class="java.lang.AssertionError">
            <message>
              <![CDATA[expected [true] but found [false]]]>
            </message>
            <full-stacktrace>
              <![CDATA[java.lang.AssertionError: expected [true] but found [false]
	at org.testng.Assert.fail(Assert.java:94)
	at org.testng.Assert.failNotEquals(Assert.java:494)
	at org.testng.Assert.assertTrue(Assert.java:42)
	at org.testng.Assert.assertTrue(Assert.java:52)
	at com.sysco.pages.CategoryPage.TapAnySuggestedCategory(CategoryPage.java:1272)
	at com.sysco.test.WorkFlow.SI_WF36_CustomList_MultipleList_ListNames_SuggestedCat(WorkFlow.java:1397)
	at sun.reflect.NativeMethodAccessorImpl.invoke0(Native Method)
	at sun.reflect.NativeMethodAccessorImpl.invoke(NativeMethodAccessorImpl.java:62)
	at sun.reflect.DelegatingMethodAccessorImpl.invoke(DelegatingMethodAccessorImpl.java:43)
	at java.lang.reflect.Method.invoke(Method.java:498)
	at org.testng.internal.MethodInvocationHelper.invokeMethod(MethodInvocationHelper.java:84)
	at org.testng.internal.Invoker.invokeMethod(Invoker.java:714)
	at org.testng.internal.Invoker.invokeTestMethod(Invoker.java:901)
	at org.testng.internal.Invoker.invokeTestMethods(Invoker.java:1231)
	at org.testng.internal.TestMethodWorker.invokeTestMethods(TestMethodWorker.java:127)
	at org.testng.internal.TestMethodWorker.run(TestMethodWorker.java:111)
	at org.testng.TestRunner.privateRun(TestRunner.java:767)
	at org.testng.TestRunner.run(TestRunner.java:617)
	at org.testng.SuiteRunner.runTest(SuiteRunner.java:334)
	at org.testng.SuiteRunner.runSequentially(SuiteRunner.java:329)
	at org.testng.SuiteRunner.privateRun(SuiteRunner.java:291)
	at org.testng.SuiteRunner.run(SuiteRunner.java:240)
	at org.testng.SuiteRunnerWorker.runSuite(SuiteRunnerWorker.java:52)
	at org.testng.SuiteRunnerWorker.run(SuiteRunnerWorker.java:86)
	at org.testng.TestNG.runSuitesSequentially(TestNG.java:1224)
	at org.testng.TestNG.runSuitesLocally(TestNG.java:1149)
	at org.testng.TestNG.run(TestNG.java:1057)
	at org.testng.remote.AbstractRemoteTestNG.run(AbstractRemoteTestNG.java:126)
	at org.testng.remote.RemoteTestNG.initAndRun(RemoteTestNG.java:152)
	at org.testng.remote.RemoteTestNG.main(RemoteTestNG.java:57)
]]>
            </full-stacktrace>
          </exception> <!-- java.lang.AssertionError -->
          <reporter-output>
            <line>
              <![CDATA[Login page verification :Pass]]>
            </line>
            <line>
              <![CDATA[Save username verification :Pass]]>
            </line>
            <line>
              <![CDATA[Sign In]]>
            </line>
            <line>
              <![CDATA[Sign in :Pass]]>
            </line>
            <line>
              <![CDATA[Navigating to Setup inventory page :Pass]]>
            </line>
            <line>
              <![CDATA[Tapped on skip :Pass]]>
            </line>
            <line>
              <![CDATA[Selecting custom list  ]]>
            </line>
            <line>
              <![CDATA[Selected  custom list  from SetupInventoryImportItems:Pass]]>
            </line>
            <line>
              <![CDATA[Tapped on Continue :Pass]]>
            </line>
            <line>
              <![CDATA[Selecting list]]>
            </line>
            <line>
              <![CDATA[List is selected :Pass]]>
            </line>
            <line>
              <![CDATA[Selecting list]]>
            </line>
            <line>
              <![CDATA[List is selected :Pass]]>
            </line>
            <line>
              <![CDATA[Selecting custom category from Locations page]]>
            </line>
            <line>
              <![CDATA[List Names selected from locations page :Pass]]>
            </line>
            <line>
              <![CDATA[Tapped on Continue :Pass]]>
            </line>
            <line>
              <![CDATA[Selecting suggested category from Food cost page]]>
            </line>
            <line>
              <![CDATA[Suggested Category selected :Pass]]>
            </line>
            <line>
              <![CDATA[Tapped on Continue :Pass]]>
            </line>
            <line>
              <![CDATA[Tapped on TakeHome :Pass]]>
            </line>
            <line>
              <![CDATA[Tapped  TrackInventory from inventory tools page:Pass]]>
            </line>
            <line>
              <![CDATA[Selecting location]]>
            </line>
            <line>
              <![CDATA[Location is selected for item :Pass]]>
            </line>
            <line>
              <![CDATA[locationItem verify ]]>
            </line>
            <line>
              <![CDATA[Item verification done :Pass]]>
            </line>
            <line>
              <![CDATA[tap on back :Pass]]>
            </line>
            <line>
              <![CDATA[Selecting location]]>
            </line>
            <line>
              <![CDATA[Location is selected for item :Pass]]>
            </line>
            <line>
              <![CDATA[locationItem verify ]]>
            </line>
            <line>
              <![CDATA[Item verification done :Pass]]>
            </line>
            <line>
              <![CDATA[Product ID verified  :Pass]]>
            </line>
            <line>
              <![CDATA[Suggested Category is verified for item :Pass]]>
            </line>
            <line>
              <![CDATA[Selecting sysco item from location ]]>
            </line>
            <line>
              <![CDATA[Selecting an item from location :Pass]]>
            </line>
            <line>
              <![CDATA[Editing]]>
            </line>
            <line>
              <![CDATA[tap on edit :Pass]]>
            </line>
            <line>
              <![CDATA[Selected add category : Pass]]>
            </line>
            <line>
              <![CDATA[Suggested Category is selected for item   :Fail]]>
            </line>
          </reporter-output>
        </test-method> <!-- SI_WF36_CustomList_MultipleList_ListNames_SuggestedCat -->
        <test-method status="PASS" signature="tearDown()[pri:0, instance:com.sysco.test.WorkFlow@3cef309d]" name="tearDown" is-config="true" duration-ms="2690" started-at="2016-08-14T00:13:48Z" finished-at="2016-08-14T00:13:51Z">
          <reporter-output>
          </reporter-output>
        </test-method> <!-- tearDown -->
      </class> <!-- com.sysco.test.WorkFlow -->
    </test> <!-- Test -->
  </suite> <!-- Suite2 -->
</testng-results>
